c:\users\user\source\repos\chess-console-game\chess\x64\debug\vc143.pdb
c:\users\user\source\repos\chess-console-game\chess\x64\debug\vc143.idb
c:\users\user\source\repos\chess-console-game\chess\x64\debug\tile.obj
c:\users\user\source\repos\chess-console-game\chess\x64\debug\player.obj
c:\users\user\source\repos\chess-console-game\chess\x64\debug\rook.obj
c:\users\user\source\repos\chess-console-game\chess\x64\debug\queen.obj
c:\users\user\source\repos\chess-console-game\chess\x64\debug\piece.obj
c:\users\user\source\repos\chess-console-game\chess\x64\debug\pawn.obj
c:\users\user\source\repos\chess-console-game\chess\x64\debug\knight.obj
c:\users\user\source\repos\chess-console-game\chess\x64\debug\king.obj
c:\users\user\source\repos\chess-console-game\chess\x64\debug\bishop.obj
c:\users\user\source\repos\chess-console-game\chess\x64\debug\move.obj
c:\users\user\source\repos\chess-console-game\chess\x64\debug\game.obj
c:\users\user\source\repos\chess-console-game\chess\x64\debug\main.obj
c:\users\user\source\repos\chess-console-game\chess\x64\debug\board.obj
c:\users\user\source\repos\chess-console-game\x64\debug\chess.exe
c:\users\user\source\repos\chess-console-game\chess\x64\debug\chess.ilk
c:\users\user\source\repos\chess-console-game\x64\debug\chess.pdb
c:\users\user\source\repos\chess-console-game\chess\x64\debug\chess.tlog\cl.command.1.tlog
c:\users\user\source\repos\chess-console-game\chess\x64\debug\chess.tlog\cl.read.1.tlog
c:\users\user\source\repos\chess-console-game\chess\x64\debug\chess.tlog\cl.write.1.tlog
c:\users\user\source\repos\chess-console-game\chess\x64\debug\chess.tlog\link.command.1.tlog
c:\users\user\source\repos\chess-console-game\chess\x64\debug\chess.tlog\link.read.1.tlog
c:\users\user\source\repos\chess-console-game\chess\x64\debug\chess.tlog\link.write.1.tlog
